Arguments: 
  /usr/bin/node /usr/share/yarn/bin/yarn.js add typescript -D

PATH: 
  /usr/local/sbin:/usr/local/bin:/usr/sbin:/usr/bin:/sbin:/bin:/usr/games:/usr/local/games:/snap/bin:/home/uallesson/.config/composer/vendor/bin:/home/uallesson/.config/composer/vendor/bin

Yarn version: 
  1.22.5

Node version: 
  14.17.0

Platform: 
  linux x64

Trace: 
  Error: connect ENETUNREACH 2606:4700::6810:1b23:443 - Local (:::0)
      at internalConnect (net.js:921:16)
      at defaultTriggerAsyncIdScope (internal/async_hooks.js:438:12)
      at emitLookup (net.js:1064:9)
      at /usr/share/yarn/lib/cli.js:107543:29
      at /usr/share/yarn/lib/cli.js:107389:25
      at RawTask.module.exports.RawTask.call (/usr/share/yarn/lib/cli.js:83614:19)
      at flush (/usr/share/yarn/lib/cli.js:83696:29)
      at processTicksAndRejections (internal/process/task_queues.js:77:11)

npm manifest: 
  {
    "name": "nlwValoriza",
    "version": "1.0.0",
    "main": "index.js",
    "license": "MIT"
  }

yarn manifest: 
  No manifest

Lockfile: 
  No lockfile
